<?xml version="1.0" encoding="UTF-8"?>
<!-- Generated by org.testng.reporters.JUnitReportReporter -->
<testsuite hostname="DESKTOP-BO5KMMB" failures="0" tests="1" name="com.inetbanking.testCases.TC_LoginTest_001" time="0.938" errors="0" timestamp="2023-09-29T00:04:59 CDT" skipped="0">
  <testcase classname="com.inetbanking.testCases.TC_LoginTest_001" name="loginTest" time="0.938"/>
</testsuite> <!-- com.inetbanking.testCases.TC_LoginTest_001 -->
